<?xml version="1.0" encoding="UTF-8"?>
<!-- Generated by org.testng.reporters.JUnitReportReporter -->
<testsuite name="com.qmetry.qaf.automation.step.client.Scenario" tests="2" time="81.126" ignored="0" failures="0" timestamp="04 Apr 2018 22:16:27 GMT" skipped="0" hostname="TCSPC05XJF3" errors="0">
  <testcase name="TC 1 Verify that user is able to see Personal Information page for VISA" time="62.223" classname="com.qmetry.qaf.automation.step.client.Scenario"/>
  <testcase name="TC 2 Verify that user is able to see Personal Information page for Mastercard" time="18.903" classname="com.qmetry.qaf.automation.step.client.Scenario"/>
</testsuite> <!-- com.qmetry.qaf.automation.step.client.Scenario -->
